#
# There is insufficient memory for the Java Runtime Environment to continue.
# Native memory allocation (malloc) failed to allocate 860976 bytes for Chunk::new
# Possible reasons:
#   The system is out of physical RAM or swap space
#   The process is running with CompressedOops enabled, and the Java Heap may be blocking the growth of the native heap
# Possible solutions:
#   Reduce memory load on the system
#   Increase physical memory or swap space
#   Check if swap backing store is full
#   Decrease Java heap size (-Xmx/-Xms)
#   Decrease number of Java threads
#   Decrease Java thread stack sizes (-Xss)
#   Set larger code cache with -XX:ReservedCodeCacheSize=
#   JVM is running with Zero Based Compressed Oops mode in which the Java heap is
#     placed in the first 32GB address space. The Java Heap base address is the
#     maximum limit for the native heap growth. Please use -XX:HeapBaseMinAddress
#     to set the Java Heap base and to place the Java Heap above 32GB virtual address.
# This output file may be truncated or incomplete.
#
#  Out of Memory Error (./src/hotspot/share/memory/arena.cpp:197), pid=7112, tid=12408
#
# JRE version: OpenJDK Runtime Environment Corretto-11.0.16.9.1 (11.0.16.1+9) (build 11.0.16.1+9-LTS)
# Java VM: OpenJDK 64-Bit Server VM Corretto-11.0.16.9.1 (11.0.16.1+9-LTS, mixed mode, tiered, compressed oops, g1 gc, windows-amd64)
# No core dump will be written. Minidumps are not enabled by default on client versions of Windows
#

---------------  S U M M A R Y ------------

Command Line: -ea -Didea.test.cyclic.buffer.size=1048576 -javaagent:C:\Users\Vasya\IntelliJ IDEA Community Edition 2022.2.2\lib\idea_rt.jar=61954:C:\Users\Vasya\IntelliJ IDEA Community Edition 2022.2.2\bin -Dfile.encoding=UTF-8 com.intellij.rt.junit.JUnitStarter -ideVersion5 -junit5 tests.DBOutTest

Host: Intel(R) Core(TM) i9-9880H CPU @ 2.30GHz, 16 cores, 15G,  Windows 10 , 64 bit Build 19041 (10.0.19041.1889)
Time: Fri Oct 28 14:06:14 2022  Windows 10 , 64 bit Build 19041 (10.0.19041.1889) elapsed time: 1.319231 seconds (0d 0h 0m 1s)

---------------  T H R E A D  ---------------

Current thread (0x000001a19486d000):  JavaThread "C2 CompilerThread1" daemon [_thread_in_native, id=12408, stack(0x0000000d74700000,0x0000000d74800000)]


Current CompileTask:
C2:   1319 2151       4       java.net.URLStreamHandler::parseURL (1201 bytes)

Stack: [0x0000000d74700000,0x0000000d74800000]
Native frames: (J=compiled Java code, j=interpreted, Vv=VM code, C=native code)
V  [jvm.dll+0x61f23a]
V  [jvm.dll+0x7ac419]
V  [jvm.dll+0x7adb08]
V  [jvm.dll+0x7ae1e3]
V  [jvm.dll+0x24fa98]
V  [jvm.dll+0xc262c]
V  [jvm.dll+0xc2bec]
V  [jvm.dll+0x359ed7]
V  [jvm.dll+0x325e53]
V  [jvm.dll+0x32518a]
V  [jvm.dll+0x208f95]
V  [jvm.dll+0x2080bd]
V  [jvm.dll+0x18a3b1]
V  [jvm.dll+0x217744]
V  [jvm.dll+0x21598b]
V  [jvm.dll+0x76ef20]
V  [jvm.dll+0x767e54]
V  [jvm.dll+0x61e0a5]
C  [ucrtbase.dll+0x21bb2]
C  [KERNEL32.DLL+0x17034]
C  [ntdll.dll+0x526a1]


---------------  P R O C E S S  ---------------

Threads class SMR info:
_java_thread_list=0x000001a1957a1970, length=17, elements={
0x000001a1ed57f000, 0x000001a1945f3000, 0x000001a1945f4800, 0x000001a194648800,
0x000001a194649000, 0x000001a19464a000, 0x000001a194657000, 0x000001a194667000,
0x000001a194670800, 0x000001a1945d0800, 0x000001a194823800, 0x000001a19486d000,
0x000001a19486e000, 0x000001a194945800, 0x000001a194b35000, 0x000001a195631800,
0x000001a1963f7800
}

Java Threads: ( => current thread )
  0x000001a1ed57f000 JavaThread "main" [_thread_in_Java, id=12092, stack(0x0000000d73600000,0x0000000d73700000)]
  0x000001a1945f3000 JavaThread "Reference Handler" daemon [_thread_blocked, id=17296, stack(0x0000000d73d00000,0x0000000d73e00000)]
  0x000001a1945f4800 JavaThread "Finalizer" daemon [_thread_blocked, id=6620, stack(0x0000000d73e00000,0x0000000d73f00000)]
  0x000001a194648800 JavaThread "Signal Dispatcher" daemon [_thread_blocked, id=19080, stack(0x0000000d73f00000,0x0000000d74000000)]
  0x000001a194649000 JavaThread "Attach Listener" daemon [_thread_blocked, id=1080, stack(0x0000000d74000000,0x0000000d74100000)]
  0x000001a19464a000 JavaThread "Service Thread" daemon [_thread_blocked, id=9428, stack(0x0000000d74100000,0x0000000d74200000)]
  0x000001a194657000 JavaThread "C2 CompilerThread0" daemon [_thread_blocked, id=6884, stack(0x0000000d74200000,0x0000000d74300000)]
  0x000001a194667000 JavaThread "C1 CompilerThread0" daemon [_thread_blocked, id=9740, stack(0x0000000d74300000,0x0000000d74400000)]
  0x000001a194670800 JavaThread "Sweeper thread" daemon [_thread_blocked, id=4716, stack(0x0000000d74400000,0x0000000d74500000)]
  0x000001a1945d0800 JavaThread "Common-Cleaner" daemon [_thread_blocked, id=6632, stack(0x0000000d74500000,0x0000000d74600000)]
  0x000001a194823800 JavaThread "C1 CompilerThread1" daemon [_thread_blocked, id=14408, stack(0x0000000d74600000,0x0000000d74700000)]
=>0x000001a19486d000 JavaThread "C2 CompilerThread1" daemon [_thread_in_native, id=12408, stack(0x0000000d74700000,0x0000000d74800000)]
  0x000001a19486e000 JavaThread "C2 CompilerThread2" daemon [_thread_blocked, id=992, stack(0x0000000d74800000,0x0000000d74900000)]
  0x000001a194945800 JavaThread "Monitor Ctrl-Break" daemon [_thread_in_native, id=12324, stack(0x0000000d74900000,0x0000000d74a00000)]
  0x000001a194b35000 JavaThread "C1 CompilerThread2" daemon [_thread_in_vm, id=11772, stack(0x0000000d74b00000,0x0000000d74c00000)]
  0x000001a195631800 JavaThread "C1 CompilerThread3" daemon [_thread_in_vm, id=17884, stack(0x0000000d75100000,0x0000000d75200000)]
  0x000001a1963f7800 JavaThread "C2 CompilerThread3" daemon [_thread_blocked, id=10500, stack(0x0000000d75200000,0x0000000d75300000)]

Other Threads:
  0x000001a193d46000 VMThread "VM Thread" [stack: 0x0000000d73c00000,0x0000000d73d00000] [id=1348]
  0x000001a194ab6000 WatcherThread [stack: 0x0000000d74a00000,0x0000000d74b00000] [id=10768]
  0x000001a1ed597000 GCTaskThread "GC Thread#0" [stack: 0x0000000d73700000,0x0000000d73800000] [id=3560]
  0x000001a1954fa000 GCTaskThread "GC Thread#1" [stack: 0x0000000d74c00000,0x0000000d74d00000] [id=16888]
  0x000001a195633000 GCTaskThread "GC Thread#2" [stack: 0x0000000d74d00000,0x0000000d74e00000] [id=14056]
  0x000001a195633800 GCTaskThread "GC Thread#3" [stack: 0x0000000d74e00000,0x0000000d74f00000] [id=16820]
  0x000001a195634000 GCTaskThread "GC Thread#4" [stack: 0x0000000d74f00000,0x0000000d75000000] [id=3368]
  0x000001a195635000 GCTaskThread "GC Thread#5" [stack: 0x0000000d75000000,0x0000000d75100000] [id=13476]
  0x000001a1ed5f7000 ConcurrentGCThread "G1 Main Marker" [stack: 0x0000000d73800000,0x0000000d73900000] [id=4748]
  0x000001a1ed5f8800 ConcurrentGCThread "G1 Conc#0" [stack: 0x0000000d73900000,0x0000000d73a00000] [id=2308]
  0x000001a1956c6800 ConcurrentGCThread "G1 Conc#1" [stack: 0x0000000d75300000,0x0000000d75400000] [id=13252]
  0x000001a1956c4800 ConcurrentGCThread "G1 Conc#2" [stack: 0x0000000d75400000,0x0000000d75500000] [id=9856]
  0x000001a193c27000 ConcurrentGCThread "G1 Refine#0" [stack: 0x0000000d73a00000,0x0000000d73b00000] [id=1084]
  0x000001a193c29000 ConcurrentGCThread "G1 Young RemSet Sampling" [stack: 0x0000000d73b00000,0x0000000d73c00000] [id=11780]

Threads with active compile tasks:
C2 CompilerThread1     1341 2151       4       java.net.URLStreamHandler::parseURL (1201 bytes)

VM state:not at safepoint (normal execution)

VM Mutex/Monitor currently owned by a thread: None

Heap address: 0x0000000701a00000, size: 4070 MB, Compressed Oops mode: Zero based, Oop shift amount: 3
Narrow klass base: 0x0000000800000000, Narrow klass shift: 0
Compressed class space size: 1073741824 Address: 0x0000000800000000

Heap:
 garbage-first heap   total 262144K, used 23365K [0x0000000701a00000, 0x0000000800000000)
  region size 1024K, 23 young (23552K), 5 survivors (5120K)
 Metaspace       used 23755K, capacity 24556K, committed 24752K, reserved 1071104K
  class space    used 2877K, capacity 3201K, committed 3328K, reserved 1048576K
Heap Regions: E=young(eden), S=young(survivor), O=old, HS=humongous(starts), HC=humongous(continues), CS=collection set, F=free, A=archive, TAMS=top-at-mark-start (previous, next)
|   0|0x0000000701a00000, 0x0000000701ad1600, 0x0000000701b00000| 81%| O|  |TAMS 0x0000000701ad1600, 0x0000000701a00000| Untracked 
|   1|0x0000000701b00000, 0x0000000701b00000, 0x0000000701c00000|  0%| F|  |TAMS 0x0000000701b00000, 0x0000000701b00000| Untracked 
|   2|0x0000000701c00000, 0x0000000701c00000, 0x0000000701d00000|  0%| F|  |TAMS 0x0000000701c00000, 0x0000000701c00000| Untracked 
|   3|0x0000000701d00000, 0x0000000701d00000, 0x0000000701e00000|  0%| F|  |TAMS 0x0000000701d00000, 0x0000000701d00000| Untracked 
|   4|0x0000000701e00000, 0x0000000701e00000, 0x0000000701f00000|  0%| F|  |TAMS 0x0000000701e00000, 0x0000000701e00000| Untracked 
|   5|0x0000000701f00000, 0x0000000701f00000, 0x0000000702000000|  0%| F|  |TAMS 0x0000000701f00000, 0x0000000701f00000| Untracked 
|   6|0x0000000702000000, 0x0000000702000000, 0x0000000702100000|  0%| F|  |TAMS 0x0000000702000000, 0x0000000702000000| Untracked 
|   7|0x0000000702100000, 0x0000000702100000, 0x0000000702200000|  0%| F|  |TAMS 0x0000000702100000, 0x0000000702100000| Untracked 
|   8|0x0000000702200000, 0x0000000702200000, 0x0000000702300000|  0%| F|  |TAMS 0x0000000702200000, 0x0000000702200000| Untracked 
|   9|0x0000000702300000, 0x0000000702300000, 0x0000000702400000|  0%| F|  |TAMS 0x0000000702300000, 0x0000000702300000| Untracked 
|  10|0x0000000702400000, 0x0000000702400000, 0x0000000702500000|  0%| F|  |TAMS 0x0000000702400000, 0x0000000702400000| Untracked 
|  11|0x0000000702500000, 0x0000000702500000, 0x0000000702600000|  0%| F|  |TAMS 0x0000000702500000, 0x0000000702500000| Untracked 
|  12|0x0000000702600000, 0x0000000702600000, 0x0000000702700000|  0%| F|  |TAMS 0x0000000702600000, 0x0000000702600000| Untracked 
|  13|0x0000000702700000, 0x0000000702700000, 0x0000000702800000|  0%| F|  |TAMS 0x0000000702700000, 0x0000000702700000| Untracked 
|  14|0x0000000702800000, 0x0000000702800000, 0x0000000702900000|  0%| F|  |TAMS 0x0000000702800000, 0x0000000702800000| Untracked 
|  15|0x0000000702900000, 0x0000000702900000, 0x0000000702a00000|  0%| F|  |TAMS 0x0000000702900000, 0x0000000702900000| Untracked 
|  16|0x0000000702a00000, 0x0000000702a00000, 0x0000000702b00000|  0%| F|  |TAMS 0x0000000702a00000, 0x0000000702a00000| Untracked 
|  17|0x0000000702b00000, 0x0000000702b00000, 0x0000000702c00000|  0%| F|  |TAMS 0x0000000702b00000, 0x0000000702b00000| Untracked 
|  18|0x0000000702c00000, 0x0000000702c00000, 0x0000000702d00000|  0%| F|  |TAMS 0x0000000702c00000, 0x0000000702c00000| Untracked 
|  19|0x0000000702d00000, 0x0000000702d00000, 0x0000000702e00000|  0%| F|  |TAMS 0x0000000702d00000, 0x0000000702d00000| Untracked 
|  20|0x0000000702e00000, 0x0000000702e00000, 0x0000000702f00000|  0%| F|  |TAMS 0x0000000702e00000, 0x0000000702e00000| Untracked 
|  21|0x0000000702f00000, 0x0000000702f00000, 0x0000000703000000|  0%| F|  |TAMS 0x0000000702f00000, 0x0000000702f00000| Untracked 
|  22|0x0000000703000000, 0x0000000703000000, 0x0000000703100000|  0%| F|  |TAMS 0x0000000703000000, 0x0000000703000000| Untracked 
|  23|0x0000000703100000, 0x0000000703100000, 0x0000000703200000|  0%| F|  |TAMS 0x0000000703100000, 0x0000000703100000| Untracked 
|  24|0x0000000703200000, 0x0000000703200000, 0x0000000703300000|  0%| F|  |TAMS 0x0000000703200000, 0x0000000703200000| Untracked 
|  25|0x0000000703300000, 0x0000000703300000, 0x0000000703400000|  0%| F|  |TAMS 0x0000000703300000, 0x0000000703300000| Untracked 
|  26|0x0000000703400000, 0x0000000703400000, 0x0000000703500000|  0%| F|  |TAMS 0x0000000703400000, 0x0000000703400000| Untracked 
|  27|0x0000000703500000, 0x0000000703500000, 0x0000000703600000|  0%| F|  |TAMS 0x0000000703500000, 0x0000000703500000| Untracked 
|  28|0x0000000703600000, 0x0000000703600000, 0x0000000703700000|  0%| F|  |TAMS 0x0000000703600000, 0x0000000703600000| Untracked 
|  29|0x0000000703700000, 0x0000000703700000, 0x0000000703800000|  0%| F|  |TAMS 0x0000000703700000, 0x0000000703700000| Untracked 
|  30|0x0000000703800000, 0x0000000703800000, 0x0000000703900000|  0%| F|  |TAMS 0x0000000703800000, 0x0000000703800000| Untracked 
|  31|0x0000000703900000, 0x0000000703900000, 0x0000000703a00000|  0%| F|  |TAMS 0x0000000703900000, 0x0000000703900000| Untracked 
|  32|0x0000000703a00000, 0x0000000703a00000, 0x0000000703b00000|  0%| F|  |TAMS 0x0000000703a00000, 0x0000000703a00000| Untracked 
|  33|0x0000000703b00000, 0x0000000703b00000, 0x0000000703c00000|  0%| F|  |TAMS 0x0000000703b00000, 0x0000000703b00000| Untracked 
|  34|0x0000000703c00000, 0x0000000703c00000, 0x0000000703d00000|  0%| F|  |TAMS 0x0000000703c00000, 0x0000000703c00000| Untracked 
|  35|0x0000000703d00000, 0x0000000703d00000, 0x0000000703e00000|  0%| F|  |TAMS 0x0000000703d00000, 0x0000000703d00000| Untracked 
|  36|0x0000000703e00000, 0x0000000703e00000, 0x0000000703f00000|  0%| F|  |TAMS 0x0000000703e00000, 0x0000000703e00000| Untracked 
|  37|0x0000000703f00000, 0x0000000703f00000, 0x0000000704000000|  0%| F|  |TAMS 0x0000000703f00000, 0x0000000703f00000| Untracked 
|  38|0x0000000704000000, 0x0000000704000000, 0x0000000704100000|  0%| F|  |TAMS 0x0000000704000000, 0x0000000704000000| Untracked 
|  39|0x0000000704100000, 0x0000000704100000, 0x0000000704200000|  0%| F|  |TAMS 0x0000000704100000, 0x0000000704100000| Untracked 
|  40|0x0000000704200000, 0x0000000704200000, 0x0000000704300000|  0%| F|  |TAMS 0x0000000704200000, 0x0000000704200000| Untracked 
|  41|0x0000000704300000, 0x0000000704300000, 0x0000000704400000|  0%| F|  |TAMS 0x0000000704300000, 0x0000000704300000| Untracked 
|  42|0x0000000704400000, 0x0000000704400000, 0x0000000704500000|  0%| F|  |TAMS 0x0000000704400000, 0x0000000704400000| Untracked 
|  43|0x0000000704500000, 0x0000000704500000, 0x0000000704600000|  0%| F|  |TAMS 0x0000000704500000, 0x0000000704500000| Untracked 
|  44|0x0000000704600000, 0x0000000704600000, 0x0000000704700000|  0%| F|  |TAMS 0x0000000704600000, 0x0000000704600000| Untracked 
|  45|0x0000000704700000, 0x0000000704700000, 0x0000000704800000|  0%| F|  |TAMS 0x0000000704700000, 0x0000000704700000| Untracked 
|  46|0x0000000704800000, 0x0000000704800000, 0x0000000704900000|  0%| F|  |TAMS 0x0000000704800000, 0x0000000704800000| Untracked 
|  47|0x0000000704900000, 0x0000000704900000, 0x0000000704a00000|  0%| F|  |TAMS 0x0000000704900000, 0x0000000704900000| Untracked 
|  48|0x0000000704a00000, 0x0000000704a00000, 0x0000000704b00000|  0%| F|  |TAMS 0x0000000704a00000, 0x0000000704a00000| Untracked 
|  49|0x0000000704b00000, 0x0000000704b00000, 0x0000000704c00000|  0%| F|  |TAMS 0x0000000704b00000, 0x0000000704b00000| Untracked 
|  50|0x0000000704c00000, 0x0000000704c00000, 0x0000000704d00000|  0%| F|  |TAMS 0x0000000704c00000, 0x0000000704c00000| Untracked 
|  51|0x0000000704d00000, 0x0000000704d00000, 0x0000000704e00000|  0%| F|  |TAMS 0x0000000704d00000, 0x0000000704d00000| Untracked 
|  52|0x0000000704e00000, 0x0000000704e00000, 0x0000000704f00000|  0%| F|  |TAMS 0x0000000704e00000, 0x0000000704e00000| Untracked 
|  53|0x0000000704f00000, 0x0000000704f00000, 0x0000000705000000|  0%| F|  |TAMS 0x0000000704f00000, 0x0000000704f00000| Untracked 
|  54|0x0000000705000000, 0x0000000705000000, 0x0000000705100000|  0%| F|  |TAMS 0x0000000705000000, 0x0000000705000000| Untracked 
|  55|0x0000000705100000, 0x0000000705100000, 0x0000000705200000|  0%| F|  |TAMS 0x0000000705100000, 0x0000000705100000| Untracked 
|  56|0x0000000705200000, 0x0000000705200000, 0x0000000705300000|  0%| F|  |TAMS 0x0000000705200000, 0x0000000705200000| Untracked 
|  57|0x0000000705300000, 0x0000000705300000, 0x0000000705400000|  0%| F|  |TAMS 0x0000000705300000, 0x0000000705300000| Untracked 
|  58|0x0000000705400000, 0x0000000705400000, 0x0000000705500000|  0%| F|  |TAMS 0x0000000705400000, 0x0000000705400000| Untracked 
|  59|0x0000000705500000, 0x0000000705500000, 0x0000000705600000|  0%| F|  |TAMS 0x0000000705500000, 0x0000000705500000| Untracked 
|  60|0x0000000705600000, 0x0000000705600000, 0x0000000705700000|  0%| F|  |TAMS 0x0000000705600000, 0x0000000705600000| Untracked 
|  61|0x0000000705700000, 0x0000000705700000, 0x0000000705800000|  0%| F|  |TAMS 0x0000000705700000, 0x0000000705700000| Untracked 
|  62|0x0000000705800000, 0x0000000705800000, 0x0000000705900000|  0%| F|  |TAMS 0x0000000705800000, 0x0000000705800000| Untracked 
|  63|0x0000000705900000, 0x0000000705900000, 0x0000000705a00000|  0%| F|  |TAMS 0x0000000705900000, 0x0000000705900000| Untracked 
|  64|0x0000000705a00000, 0x0000000705a00000, 0x0000000705b00000|  0%| F|  |TAMS 0x0000000705a00000, 0x0000000705a00000| Untracked 
|  65|0x0000000705b00000, 0x0000000705b00000, 0x0000000705c00000|  0%| F|  |TAMS 0x0000000705b00000, 0x0000000705b00000| Untracked 
|  66|0x0000000705c00000, 0x0000000705c00000, 0x0000000705d00000|  0%| F|  |TAMS 0x0000000705c00000, 0x0000000705c00000| Untracked 
|  67|0x0000000705d00000, 0x0000000705d00000, 0x0000000705e00000|  0%| F|  |TAMS 0x0000000705d00000, 0x0000000705d00000| Untracked 
|  68|0x0000000705e00000, 0x0000000705e00000, 0x0000000705f00000|  0%| F|  |TAMS 0x0000000705e00000, 0x0000000705e00000| Untracked 
|  69|0x0000000705f00000, 0x0000000705f00000, 0x0000000706000000|  0%| F|  |TAMS 0x0000000705f00000, 0x0000000705f00000| Untracked 
|  70|0x0000000706000000, 0x0000000706000000, 0x0000000706100000|  0%| F|  |TAMS 0x0000000706000000, 0x0000000706000000| Untracked 
|  71|0x0000000706100000, 0x0000000706100000, 0x0000000706200000|  0%| F|  |TAMS 0x0000000706100000, 0x0000000706100000| Untracked 
|  72|0x0000000706200000, 0x0000000706200000, 0x0000000706300000|  0%| F|  |TAMS 0x0000000706200000, 0x0000000706200000| Untracked 
|  73|0x0000000706300000, 0x0000000706300000, 0x0000000706400000|  0%| F|  |TAMS 0x0000000706300000, 0x0000000706300000| Untracked 
|  74|0x0000000706400000, 0x0000000706400000, 0x0000000706500000|  0%| F|  |TAMS 0x0000000706400000, 0x0000000706400000| Untracked 
|  75|0x0000000706500000, 0x0000000706500000, 0x0000000706600000|  0%| F|  |TAMS 0x0000000706500000, 0x0000000706500000| Untracked 
|  76|0x0000000706600000, 0x0000000706600000, 0x0000000706700000|  0%| F|  |TAMS 0x0000000706600000, 0x0000000706600000| Untracked 
|  77|0x0000000706700000, 0x0000000706700000, 0x0000000706800000|  0%| F|  |TAMS 0x0000000706700000, 0x0000000706700000| Untracked 
|  78|0x0000000706800000, 0x0000000706800000, 0x0000000706900000|  0%| F|  |TAMS 0x0000000706800000, 0x0000000706800000| Untracked 
|  79|0x0000000706900000, 0x0000000706900000, 0x0000000706a00000|  0%| F|  |TAMS 0x0000000706900000, 0x0000000706900000| Untracked 
|  80|0x0000000706a00000, 0x0000000706a00000, 0x0000000706b00000|  0%| F|  |TAMS 0x0000000706a00000, 0x0000000706a00000| Untracked 
|  81|0x0000000706b00000, 0x0000000706b00000, 0x0000000706c00000|  0%| F|  |TAMS 0x0000000706b00000, 0x0000000706b00000| Untracked 
|  82|0x0000000706c00000, 0x0000000706c00000, 0x0000000706d00000|  0%| F|  |TAMS 0x0000000706c00000, 0x0000000706c00000| Untracked 
|  83|0x0000000706d00000, 0x0000000706d00000, 0x0000000706e00000|  0%| F|  |TAMS 0x0000000706d00000, 0x0000000706d00000| Untracked 
|  84|0x0000000706e00000, 0x0000000706e00000, 0x0000000706f00000|  0%| F|  |TAMS 0x0000000706e00000, 0x0000000706e00000| Untracked 
|  85|0x0000000706f00000, 0x0000000706f00000, 0x0000000707000000|  0%| F|  |TAMS 0x0000000706f00000, 0x0000000706f00000| Untracked 
|  86|0x0000000707000000, 0x0000000707000000, 0x0000000707100000|  0%| F|  |TAMS 0x0000000707000000, 0x0000000707000000| Untracked 
|  87|0x0000000707100000, 0x0000000707100000, 0x0000000707200000|  0%| F|  |TAMS 0x0000000707100000, 0x0000000707100000| Untracked 
|  88|0x0000000707200000, 0x0000000707200000, 0x0000000707300000|  0%| F|  |TAMS 0x0000000707200000, 0x0000000707200000| Untracked 
|  89|0x0000000707300000, 0x0000000707300000, 0x0000000707400000|  0%| F|  |TAMS 0x0000000707300000, 0x0000000707300000| Untracked 
|  90|0x0000000707400000, 0x0000000707400000, 0x0000000707500000|  0%| F|  |TAMS 0x0000000707400000, 0x0000000707400000| Untracked 
|  91|0x0000000707500000, 0x0000000707500000, 0x0000000707600000|  0%| F|  |TAMS 0x0000000707500000, 0x0000000707500000| Untracked 
|  92|0x0000000707600000, 0x0000000707600000, 0x0000000707700000|  0%| F|  |TAMS 0x0000000707600000, 0x0000000707600000| Untracked 
|  93|0x0000000707700000, 0x0000000707700000, 0x0000000707800000|  0%| F|  |TAMS 0x0000000707700000, 0x0000000707700000| Untracked 
|  94|0x0000000707800000, 0x0000000707800000, 0x0000000707900000|  0%| F|  |TAMS 0x0000000707800000, 0x0000000707800000| Untracked 
|  95|0x0000000707900000, 0x0000000707900000, 0x0000000707a00000|  0%| F|  |TAMS 0x0000000707900000, 0x0000000707900000| Untracked 
|  96|0x0000000707a00000, 0x0000000707a00000, 0x0000000707b00000|  0%| F|  |TAMS 0x0000000707a00000, 0x0000000707a00000| Untracked 
|  97|0x0000000707b00000, 0x0000000707b00000, 0x0000000707c00000|  0%| F|  |TAMS 0x0000000707b00000, 0x0000000707b00000| Untracked 
|  98|0x0000000707c00000, 0x0000000707c00000, 0x0000000707d00000|  0%| F|  |TAMS 0x0000000707c00000, 0x0000000707c00000| Untracked 
|  99|0x0000000707d00000, 0x0000000707d00000, 0x0000000707e00000|  0%| F|  |TAMS 0x0000000707d00000, 0x0000000707d00000| Untracked 
| 100|0x0000000707e00000, 0x0000000707e00000, 0x0000000707f00000|  0%| F|  |TAMS 0x0000000707e00000, 0x0000000707e00000| Untracked 
| 101|0x0000000707f00000, 0x0000000707f00000, 0x0000000708000000|  0%| F|  |TAMS 0x0000000707f00000, 0x0000000707f00000| Untracked 
| 102|0x0000000708000000, 0x0000000708000000, 0x0000000708100000|  0%| F|  |TAMS 0x0000000708000000, 0x0000000708000000| Untracked 
| 103|0x0000000708100000, 0x0000000708100000, 0x0000000708200000|  0%| F|  |TAMS 0x0000000708100000, 0x0000000708100000| Untracked 
| 104|0x0000000708200000, 0x0000000708200000, 0x0000000708300000|  0%| F|  |TAMS 0x0000000708200000, 0x0000000708200000| Untracked 
| 105|0x0000000708300000, 0x0000000708300000, 0x0000000708400000|  0%| F|  |TAMS 0x0000000708300000, 0x0000000708300000| Untracked 
| 106|0x0000000708400000, 0x0000000708400000, 0x0000000708500000|  0%| F|  |TAMS 0x0000000708400000, 0x0000000708400000| Untracked 
| 107|0x0000000708500000, 0x0000000708500000, 0x0000000708600000|  0%| F|  |TAMS 0x0000000708500000, 0x0000000708500000| Untracked 
| 108|0x0000000708600000, 0x0000000708600000, 0x0000000708700000|  0%| F|  |TAMS 0x0000000708600000, 0x0000000708600000| Untracked 
| 109|0x0000000708700000, 0x0000000708700000, 0x0000000708800000|  0%| F|  |TAMS 0x0000000708700000, 0x0000000708700000| Untracked 
| 110|0x0000000708800000, 0x0000000708800000, 0x0000000708900000|  0%| F|  |TAMS 0x0000000708800000, 0x0000000708800000| Untracked 
| 111|0x0000000708900000, 0x0000000708900000, 0x0000000708a00000|  0%| F|  |TAMS 0x0000000708900000, 0x0000000708900000| Untracked 
| 112|0x0000000708a00000, 0x0000000708a00000, 0x0000000708b00000|  0%| F|  |TAMS 0x0000000708a00000, 0x0000000708a00000| Untracked 
| 113|0x0000000708b00000, 0x0000000708b00000, 0x0000000708c00000|  0%| F|  |TAMS 0x0000000708b00000, 0x0000000708b00000| Untracked 
| 114|0x0000000708c00000, 0x0000000708c00000, 0x0000000708d00000|  0%| F|  |TAMS 0x0000000708c00000, 0x0000000708c00000| Untracked 
| 115|0x0000000708d00000, 0x0000000708d00000, 0x0000000708e00000|  0%| F|  |TAMS 0x0000000708d00000, 0x0000000708d00000| Untracked 
| 116|0x0000000708e00000, 0x0000000708e00000, 0x0000000708f00000|  0%| F|  |TAMS 0x0000000708e00000, 0x0000000708e00000| Untracked 
| 117|0x0000000708f00000, 0x0000000708f00000, 0x0000000709000000|  0%| F|  |TAMS 0x0000000708f00000, 0x0000000708f00000| Untracked 
| 118|0x0000000709000000, 0x0000000709000000, 0x0000000709100000|  0%| F|  |TAMS 0x0000000709000000, 0x0000000709000000| Untracked 
| 119|0x0000000709100000, 0x0000000709100000, 0x0000000709200000|  0%| F|  |TAMS 0x0000000709100000, 0x0000000709100000| Untracked 
| 120|0x0000000709200000, 0x0000000709200000, 0x0000000709300000|  0%| F|  |TAMS 0x0000000709200000, 0x0000000709200000| Untracked 
| 121|0x0000000709300000, 0x0000000709300000, 0x0000000709400000|  0%| F|  |TAMS 0x0000000709300000, 0x0000000709300000| Untracked 
| 122|0x0000000709400000, 0x0000000709400000, 0x0000000709500000|  0%| F|  |TAMS 0x0000000709400000, 0x0000000709400000| Untracked 
| 123|0x0000000709500000, 0x0000000709500000, 0x0000000709600000|  0%| F|  |TAMS 0x0000000709500000, 0x0000000709500000| Untracked 
| 124|0x0000000709600000, 0x0000000709600000, 0x0000000709700000|  0%| F|  |TAMS 0x0000000709600000, 0x0000000709600000| Untracked 
| 125|0x0000000709700000, 0x0000000709700000, 0x0000000709800000|  0%| F|  |TAMS 0x0000000709700000, 0x0000000709700000| Untracked 
| 126|0x0000000709800000, 0x0000000709800000, 0x0000000709900000|  0%| F|  |TAMS 0x0000000709800000, 0x0000000709800000| Untracked 
| 127|0x0000000709900000, 0x0000000709900000, 0x0000000709a00000|  0%| F|  |TAMS 0x0000000709900000, 0x0000000709900000| Untracked 
| 128|0x0000000709a00000, 0x0000000709a00000, 0x0000000709b00000|  0%| F|  |TAMS 0x0000000709a00000, 0x0000000709a00000| Untracked 
| 129|0x0000000709b00000, 0x0000000709b00000, 0x0000000709c00000|  0%| F|  |TAMS 0x0000000709b00000, 0x0000000709b00000| Untracked 
| 130|0x0000000709c00000, 0x0000000709c00000, 0x0000000709d00000|  0%| F|  |TAMS 0x0000000709c00000, 0x0000000709c00000| Untracked 
| 131|0x0000000709d00000, 0x0000000709d00000, 0x0000000709e00000|  0%| F|  |TAMS 0x0000000709d00000, 0x0000000709d00000| Untracked 
| 132|0x0000000709e00000, 0x0000000709e00000, 0x0000000709f00000|  0%| F|  |TAMS 0x0000000709e00000, 0x0000000709e00000| Untracked 
| 133|0x0000000709f00000, 0x0000000709f00000, 0x000000070a000000|  0%| F|  |TAMS 0x0000000709f00000, 0x0000000709f00000| Untracked 
| 134|0x000000070a000000, 0x000000070a000000, 0x000000070a100000|  0%| F|  |TAMS 0x000000070a000000, 0x000000070a000000| Untracked 
| 135|0x000000070a100000, 0x000000070a100000, 0x000000070a200000|  0%| F|  |TAMS 0x000000070a100000, 0x000000070a100000| Untracked 
| 136|0x000000070a200000, 0x000000070a200000, 0x000000070a300000|  0%| F|  |TAMS 0x000000070a200000, 0x000000070a200000| Untracked 
| 137|0x000000070a300000, 0x000000070a300000, 0x000000070a400000|  0%| F|  |TAMS 0x000000070a300000, 0x000000070a300000| Untracked 
| 138|0x000000070a400000, 0x000000070a400000, 0x000000070a500000|  0%| F|  |TAMS 0x000000070a400000, 0x000000070a400000| Untracked 
| 139|0x000000070a500000, 0x000000070a500000, 0x000000070a600000|  0%| F|  |TAMS 0x000000070a500000, 0x000000070a500000| Untracked 
| 140|0x000000070a600000, 0x000000070a600000, 0x000000070a700000|  0%| F|  |TAMS 0x000000070a600000, 0x000000070a600000| Untracked 
| 141|0x000000070a700000, 0x000000070a700000, 0x000000070a800000|  0%| F|  |TAMS 0x000000070a700000, 0x000000070a700000| Untracked 
| 142|0x000000070a800000, 0x000000070a800000, 0x000000070a900000|  0%| F|  |TAMS 0x000000070a800000, 0x000000070a800000| Untracked 
| 143|0x000000070a900000, 0x000000070a900000, 0x000000070aa00000|  0%| F|  |TAMS 0x000000070a900000, 0x000000070a900000| Untracked 
| 144|0x000000070aa00000, 0x000000070aa00000, 0x000000070ab00000|  0%| F|  |TAMS 0x000000070aa00000, 0x000000070aa00000| Untracked 
| 145|0x000000070ab00000, 0x000000070ab00000, 0x000000070ac00000|  0%| F|  |TAMS 0x000000070ab00000, 0x000000070ab00000| Untracked 
| 146|0x000000070ac00000, 0x000000070ac00000, 0x000000070ad00000|  0%| F|  |TAMS 0x000000070ac00000, 0x000000070ac00000| Untracked 
| 147|0x000000070ad00000, 0x000000070ad00000, 0x000000070ae00000|  0%| F|  |TAMS 0x000000070ad00000, 0x000000070ad00000| Untracked 
| 148|0x000000070ae00000, 0x000000070ae00000, 0x000000070af00000|  0%| F|  |TAMS 0x000000070ae00000, 0x000000070ae00000| Untracked 
| 149|0x000000070af00000, 0x000000070af00000, 0x000000070b000000|  0%| F|  |TAMS 0x000000070af00000, 0x000000070af00000| Untracked 
| 150|0x000000070b000000, 0x000000070b000000, 0x000000070b100000|  0%| F|  |TAMS 0x000000070b000000, 0x000000070b000000| Untracked 
| 151|0x000000070b100000, 0x000000070b100000, 0x000000070b200000|  0%| F|  |TAMS 0x000000070b100000, 0x000000070b100000| Untracked 
| 152|0x000000070b200000, 0x000000070b200000, 0x000000070b300000|  0%| F|  |TAMS 0x000000070b200000, 0x000000070b200000| Untracked 
| 153|0x000000070b300000, 0x000000070b300000, 0x000000070b400000|  0%| F|  |TAMS 0x000000070b300000, 0x000000070b300000| Untracked 
| 154|0x000000070b400000, 0x000000070b400000, 0x000000070b500000|  0%| F|  |TAMS 0x000000070b400000, 0x000000070b400000| Untracked 
| 155|0x000000070b500000, 0x000000070b500000, 0x000000070b600000|  0%| F|  |TAMS 0x000000070b500000, 0x000000070b500000| Untracked 
| 156|0x000000070b600000, 0x000000070b600000, 0x000000070b700000|  0%| F|  |TAMS 0x000000070b600000, 0x000000070b600000| Untracked 
| 157|0x000000070b700000, 0x000000070b700000, 0x000000070b800000|  0%| F|  |TAMS 0x000000070b700000, 0x000000070b700000| Untracked 
| 158|0x000000070b800000, 0x000000070b800000, 0x000000070b900000|  0%| F|  |TAMS 0x000000070b800000, 0x000000070b800000| Untracked 
| 159|0x000000070b900000, 0x000000070b900000, 0x000000070ba00000|  0%| F|  |TAMS 0x000000070b900000, 0x000000070b900000| Untracked 
| 160|0x000000070ba00000, 0x000000070ba00000, 0x000000070bb00000|  0%| F|  |TAMS 0x000000070ba00000, 0x000000070ba00000| Untracked 
| 161|0x000000070bb00000, 0x000000070bb00000, 0x000000070bc00000|  0%| F|  |TAMS 0x000000070bb00000, 0x000000070bb00000| Untracked 
| 162|0x000000070bc00000, 0x000000070bc00000, 0x000000070bd00000|  0%| F|  |TAMS 0x000000070bc00000, 0x000000070bc00000| Untracked 
| 163|0x000000070bd00000, 0x000000070bd00000, 0x000000070be00000|  0%| F|  |TAMS 0x000000070bd00000, 0x000000070bd00000| Untracked 
| 164|0x000000070be00000, 0x000000070be00000, 0x000000070bf00000|  0%| F|  |TAMS 0x000000070be00000, 0x000000070be00000| Untracked 
| 165|0x000000070bf00000, 0x000000070bf00000, 0x000000070c000000|  0%| F|  |TAMS 0x000000070bf00000, 0x000000070bf00000| Untracked 
| 166|0x000000070c000000, 0x000000070c000000, 0x000000070c100000|  0%| F|  |TAMS 0x000000070c000000, 0x000000070c000000| Untracked 
| 167|0x000000070c100000, 0x000000070c100000, 0x000000070c200000|  0%| F|  |TAMS 0x000000070c100000, 0x000000070c100000| Untracked 
| 168|0x000000070c200000, 0x000000070c200000, 0x000000070c300000|  0%| F|  |TAMS 0x000000070c200000, 0x000000070c200000| Untracked 
| 169|0x000000070c300000, 0x000000070c300000, 0x000000070c400000|  0%| F|  |TAMS 0x000000070c300000, 0x000000070c300000| Untracked 
| 170|0x000000070c400000, 0x000000070c400000, 0x000000070c500000|  0%| F|  |TAMS 0x000000070c400000, 0x000000070c400000| Untracked 
| 171|0x000000070c500000, 0x000000070c500000, 0x000000070c600000|  0%| F|  |TAMS 0x000000070c500000, 0x000000070c500000| Untracked 
| 172|0x000000070c600000, 0x000000070c600000, 0x000000070c700000|  0%| F|  |TAMS 0x000000070c600000, 0x000000070c600000| Untracked 
| 173|0x000000070c700000, 0x000000070c700000, 0x000000070c800000|  0%| F|  |TAMS 0x000000070c700000, 0x000000070c700000| Untracked 
| 174|0x000000070c800000, 0x000000070c800000, 0x000000070c900000|  0%| F|  |TAMS 0x000000070c800000, 0x000000070c800000| Untracked 
| 175|0x000000070c900000, 0x000000070c900000, 0x000000070ca00000|  0%| F|  |TAMS 0x000000070c900000, 0x000000070c900000| Untracked 
| 176|0x000000070ca00000, 0x000000070ca00000, 0x000000070cb00000|  0%| F|  |TAMS 0x000000070ca00000, 0x000000070ca00000| Untracked 
| 177|0x000000070cb00000, 0x000000070cb00000, 0x000000070cc00000|  0%| F|  |TAMS 0x000000070cb00000, 0x000000070cb00000| Untracked 
| 178|0x000000070cc00000, 0x000000070cc00000, 0x000000070cd00000|  0%| F|  |TAMS 0x000000070cc00000, 0x000000070cc00000| Untracked 
| 179|0x000000070cd00000, 0x000000070cd00000, 0x000000070ce00000|  0%| F|  |TAMS 0x000000070cd00000, 0x000000070cd00000| Untracked 
| 180|0x000000070ce00000, 0x000000070ce00000, 0x000000070cf00000|  0%| F|  |TAMS 0x000000070ce00000, 0x000000070ce00000| Untracked 
| 181|0x000000070cf00000, 0x000000070cf00000, 0x000000070d000000|  0%| F|  |TAMS 0x000000070cf00000, 0x000000070cf00000| Untracked 
| 182|0x000000070d000000, 0x000000070d000000, 0x000000070d100000|  0%| F|  |TAMS 0x000000070d000000, 0x000000070d000000| Untracked 
| 183|0x000000070d100000, 0x000000070d100000, 0x000000070d200000|  0%| F|  |TAMS 0x000000070d100000, 0x000000070d100000| Untracked 
| 184|0x000000070d200000, 0x000000070d200000, 0x000000070d300000|  0%| F|  |TAMS 0x000000070d200000, 0x000000070d200000| Untracked 
| 185|0x000000070d300000, 0x000000070d300000, 0x000000070d400000|  0%| F|  |TAMS 0x000000070d300000, 0x000000070d300000| Untracked 
| 186|0x000000070d400000, 0x000000070d400000, 0x000000070d500000|  0%| F|  |TAMS 0x000000070d400000, 0x000000070d400000| Untracked 
| 187|0x000000070d500000, 0x000000070d500000, 0x000000070d600000|  0%| F|  |TAMS 0x000000070d500000, 0x000000070d500000| Untracked 
| 188|0x000000070d600000, 0x000000070d600000, 0x000000070d700000|  0%| F|  |TAMS 0x000000070d600000, 0x000000070d600000| Untracked 
| 189|0x000000070d700000, 0x000000070d700000, 0x000000070d800000|  0%| F|  |TAMS 0x000000070d700000, 0x000000070d700000| Untracked 
| 190|0x000000070d800000, 0x000000070d800000, 0x000000070d900000|  0%| F|  |TAMS 0x000000070d800000, 0x000000070d800000| Untracked 
| 191|0x000000070d900000, 0x000000070d900000, 0x000000070da00000|  0%| F|  |TAMS 0x000000070d900000, 0x000000070d900000| Untracked 
| 192|0x000000070da00000, 0x000000070da00000, 0x000000070db00000|  0%| F|  |TAMS 0x000000070da00000, 0x000000070da00000| Untracked 
| 193|0x000000070db00000, 0x000000070db00000, 0x000000070dc00000|  0%| F|  |TAMS 0x000000070db00000, 0x000000070db00000| Untracked 
| 194|0x000000070dc00000, 0x000000070dc00000, 0x000000070dd00000|  0%| F|  |TAMS 0x000000070dc00000, 0x000000070dc00000| Untracked 
| 195|0x000000070dd00000, 0x000000070dd00000, 0x000000070de00000|  0%| F|  |TAMS 0x000000070dd00000, 0x000000070dd00000| Untracked 
| 196|0x000000070de00000, 0x000000070de00000, 0x000000070df00000|  0%| F|  |TAMS 0x000000070de00000, 0x000000070de00000| Untracked 
| 197|0x000000070df00000, 0x000000070df00000, 0x000000070e000000|  0%| F|  |TAMS 0x000000070df00000, 0x000000070df00000| Untracked 
| 198|0x000000070e000000, 0x000000070e000000, 0x000000070e100000|  0%| F|  |TAMS 0x000000070e000000, 0x000000070e000000| Untracked 
| 199|0x000000070e100000, 0x000000070e100000, 0x000000070e200000|  0%| F|  |TAMS 0x000000070e100000, 0x000000070e100000| Untracked 
| 200|0x000000070e200000, 0x000000070e200000, 0x000000070e300000|  0%| F|  |TAMS 0x000000070e200000, 0x000000070e200000| Untracked 
| 201|0x000000070e300000, 0x000000070e300000, 0x000000070e400000|  0%| F|  |TAMS 0x000000070e300000, 0x000000070e300000| Untracked 
| 202|0x000000070e400000, 0x000000070e400000, 0x000000070e500000|  0%| F|  |TAMS 0x000000070e400000, 0x000000070e400000| Untracked 
| 203|0x000000070e500000, 0x000000070e500000, 0x000000070e600000|  0%| F|  |TAMS 0x000000070e500000, 0x000000070e500000| Untracked 
| 204|0x000000070e600000, 0x000000070e600000, 0x000000070e700000|  0%| F|  |TAMS 0x000000070e600000, 0x000000070e600000| Untracked 
| 205|0x000000070e700000, 0x000000070e700000, 0x000000070e800000|  0%| F|  |TAMS 0x000000070e700000, 0x000000070e700000| Untracked 
| 206|0x000000070e800000, 0x000000070e800000, 0x000000070e900000|  0%| F|  |TAMS 0x000000070e800000, 0x000000070e800000| Untracked 
| 207|0x000000070e900000, 0x000000070e900000, 0x000000070ea00000|  0%| F|  |TAMS 0x000000070e900000, 0x000000070e900000| Untracked 
| 208|0x000000070ea00000, 0x000000070ea00000, 0x000000070eb00000|  0%| F|  |TAMS 0x000000070ea00000, 0x000000070ea00000| Untracked 
| 209|0x000000070eb00000, 0x000000070eb00000, 0x000000070ec00000|  0%| F|  |TAMS 0x000000070eb00000, 0x000000070eb00000| Untracked 
| 210|0x000000070ec00000, 0x000000070ec00000, 0x000000070ed00000|  0%| F|  |TAMS 0x000000070ec00000, 0x000000070ec00000| Untracked 
| 211|0x000000070ed00000, 0x000000070ed00000, 0x000000070ee00000|  0%| F|  |TAMS 0x000000070ed00000, 0x000000070ed00000| Untracked 
| 212|0x000000070ee00000, 0x000000070ee00000, 0x000000070ef00000|  0%| F|  |TAMS 0x000000070ee00000, 0x000000070ee00000| Untracked 
| 213|0x000000070ef00000, 0x000000070ef00000, 0x000000070f000000|  0%| F|  |TAMS 0x000000070ef00000, 0x000000070ef00000| Untracked 
| 214|0x000000070f000000, 0x000000070f000000, 0x000000070f100000|  0%| F|  |TAMS 0x000000070f000000, 0x000000070f000000| Untracked 
| 215|0x000000070f100000, 0x000000070f100000, 0x000000070f200000|  0%| F|  |TAMS 0x000000070f100000, 0x000000070f100000| Untracked 
| 216|0x000000070f200000, 0x000000070f200000, 0x000000070f300000|  0%| F|  |TAMS 0x000000070f200000, 0x000000070f200000| Untracked 
| 217|0x000000070f300000, 0x000000070f300000, 0x000000070f400000|  0%| F|  |TAMS 0x000000070f300000, 0x000000070f300000| Untracked 
| 218|0x000000070f400000, 0x000000070f400000, 0x000000070f500000|  0%| F|  |TAMS 0x000000070f400000, 0x000000070f400000| Untracked 
| 219|0x000000070f500000, 0x000000070f500000, 0x000000070f600000|  0%| F|  |TAMS 0x000000070f500000, 0x000000070f500000| Untracked 
| 220|0x000000070f600000, 0x000000070f600000, 0x000000070f700000|  0%| F|  |TAMS 0x000000070f600000, 0x000000070f600000| Untracked 
| 221|0x000000070f700000, 0x000000070f700000, 0x000000070f800000|  0%| F|  |TAMS 0x000000070f700000, 0x000000070f700000| Untracked 
| 222|0x000000070f800000, 0x000000070f800000, 0x000000070f900000|  0%| F|  |TAMS 0x000000070f800000, 0x000000070f800000| Untracked 
| 223|0x000000070f900000, 0x000000070f900000, 0x000000070fa00000|  0%| F|  |TAMS 0x000000070f900000, 0x000000070f900000| Untracked 
| 224|0x000000070fa00000, 0x000000070fa00000, 0x000000070fb00000|  0%| F|  |TAMS 0x000000070fa00000, 0x000000070fa00000| Untracked 
| 225|0x000000070fb00000, 0x000000070fb00000, 0x000000070fc00000|  0%| F|  |TAMS 0x000000070fb00000, 0x000000070fb00000| Untracked 
| 226|0x000000070fc00000, 0x000000070fc00000, 0x000000070fd00000|  0%| F|  |TAMS 0x000000070fc00000, 0x000000070fc00000| Untracked 
| 227|0x000000070fd00000, 0x000000070fd00000, 0x000000070fe00000|  0%| F|  |TAMS 0x000000070fd00000, 0x000000070fd00000| Untracked 
| 228|0x000000070fe00000, 0x000000070ff00000, 0x000000070ff00000|100%| S|CS|TAMS 0x000000070fe00000, 0x000000070fe00000| Complete 
| 229|0x000000070ff00000, 0x000000070ff00000, 0x0000000710000000|  0%| F|  |TAMS 0x000000070ff00000, 0x000000070ff00000| Untracked 
| 230|0x0000000710000000, 0x0000000710000000, 0x0000000710100000|  0%| F|  |TAMS 0x0000000710000000, 0x0000000710000000| Untracked 
| 231|0x0000000710100000, 0x0000000710100000, 0x0000000710200000|  0%| F|  |TAMS 0x0000000710100000, 0x0000000710100000| Untracked 
| 232|0x0000000710200000, 0x0000000710300000, 0x0000000710300000|100%| S|CS|TAMS 0x0000000710200000, 0x0000000710200000| Complete 
| 233|0x0000000710300000, 0x0000000710400000, 0x0000000710400000|100%| S|CS|TAMS 0x0000000710300000, 0x0000000710300000| Complete 
| 234|0x0000000710400000, 0x0000000710500000, 0x0000000710500000|100%| S|CS|TAMS 0x0000000710400000, 0x0000000710400000| Complete 
| 235|0x0000000710500000, 0x0000000710600000, 0x0000000710600000|100%| S|CS|TAMS 0x0000000710500000, 0x0000000710500000| Complete 
| 236|0x0000000710600000, 0x0000000710600000, 0x0000000710700000|  0%| F|  |TAMS 0x0000000710600000, 0x0000000710600000| Untracked 
| 237|0x0000000710700000, 0x0000000710780800, 0x0000000710800000| 50%| E|  |TAMS 0x0000000710700000, 0x0000000710700000| Complete 
| 238|0x0000000710800000, 0x0000000710900000, 0x0000000710900000|100%| E|CS|TAMS 0x0000000710800000, 0x0000000710800000| Complete 
| 239|0x0000000710900000, 0x0000000710a00000, 0x0000000710a00000|100%| E|CS|TAMS 0x0000000710900000, 0x0000000710900000| Complete 
| 240|0x0000000710a00000, 0x0000000710b00000, 0x0000000710b00000|100%| E|CS|TAMS 0x0000000710a00000, 0x0000000710a00000| Complete 
| 241|0x0000000710b00000, 0x0000000710c00000, 0x0000000710c00000|100%| E|CS|TAMS 0x0000000710b00000, 0x0000000710b00000| Complete 
| 242|0x0000000710c00000, 0x0000000710d00000, 0x0000000710d00000|100%| E|CS|TAMS 0x0000000710c00000, 0x0000000710c00000| Complete 
| 243|0x0000000710d00000, 0x0000000710e00000, 0x0000000710e00000|100%| E|CS|TAMS 0x0000000710d00000, 0x0000000710d00000| Complete 
| 244|0x0000000710e00000, 0x0000000710f00000, 0x0000000710f00000|100%| E|CS|TAMS 0x0000000710e00000, 0x0000000710e00000| Complete 
| 245|0x0000000710f00000, 0x0000000711000000, 0x0000000711000000|100%| E|CS|TAMS 0x0000000710f00000, 0x0000000710f00000| Complete 
| 246|0x0000000711000000, 0x0000000711100000, 0x0000000711100000|100%| E|CS|TAMS 0x0000000711000000, 0x0000000711000000| Complete 
| 247|0x0000000711100000, 0x0000000711200000, 0x0000000711200000|100%| E|CS|TAMS 0x0000000711100000, 0x0000000711100000| Complete 
| 248|0x0000000711200000, 0x0000000711300000, 0x0000000711300000|100%| E|CS|TAMS 0x0000000711200000, 0x0000000711200000| Complete 
| 249|0x0000000711300000, 0x0000000711400000, 0x0000000711400000|100%| E|CS|TAMS 0x0000000711300000, 0x0000000711300000| Complete 
| 250|0x0000000711400000, 0x0000000711500000, 0x0000000711500000|100%| E|CS|TAMS 0x0000000711400000, 0x0000000711400000| Complete 
| 251|0x0000000711500000, 0x0000000711600000, 0x0000000711600000|100%| E|CS|TAMS 0x0000000711500000, 0x0000000711500000| Complete 
| 252|0x0000000711600000, 0x0000000711700000, 0x0000000711700000|100%| E|CS|TAMS 0x0000000711600000, 0x0000000711600000| Complete 
| 253|0x0000000711700000, 0x0000000711800000, 0x0000000711800000|100%| E|CS|TAMS 0x0000000711700000, 0x0000000711700000| Complete 
| 254|0x0000000711800000, 0x0000000711900000, 0x0000000711900000|100%| E|CS|TAMS 0x0000000711800000, 0x0000000711800000| Complete 
| 255|0x0000000711900000, 0x0000000711a00000, 0x0000000711a00000|100%| E|CS|TAMS 0x0000000711900000, 0x0000000711900000| Complete 

Card table byte_map: [0x000001a1f8c80000,0x000001a1f9480000] _byte_map_base: 0x000001a1f5473000

Marking Bits (Prev, Next): (CMBitMap*) 0x000001a1ed5e6220, (CMBitMap*) 0x000001a1ed5e61e8
 Prev Bits: [0x000001a18f000000, 0x000001a192f98000)
 Next Bits: [0x000001a1f9c80000, 0x000001a1fdc18000)

Polling page: 0x000001a1ed660000

Metaspace:

Usage:
  Non-class:     20.92 MB capacity,    20.43 MB ( 98%) used,   410.02 KB (  2%) free+waste,    86.00 KB ( <1%) overhead. 
      Class:      3.13 MB capacity,     2.82 MB ( 90%) used,   270.86 KB (  8%) free+waste,    43.69 KB (  1%) overhead. 
       Both:     24.04 MB capacity,    23.25 MB ( 97%) used,   680.88 KB (  3%) free+waste,   129.69 KB ( <1%) overhead. 

Virtual space:
  Non-class space:       22.00 MB reserved,      21.17 MB ( 96%) committed 
      Class space:        1.00 GB reserved,       3.25 MB ( <1%) committed 
             Both:        1.02 GB reserved,      24.42 MB (  2%) committed 

Chunk freelists:
   Non-Class:  69.00 KB
       Class:  0 bytes
        Both:  69.00 KB

MaxMetaspaceSize: 17179869184.00 GB
CompressedClassSpaceSize: 1.00 GB
Initial GC threshold: 20.80 MB
Current GC threshold: 35.08 MB
CDS: off

CodeHeap 'non-profiled nmethods': size=119168Kb used=831Kb max_used=831Kb free=118337Kb
 bounds [0x000001a187ba0000, 0x000001a187e10000, 0x000001a18f000000]
CodeHeap 'profiled nmethods': size=119168Kb used=4591Kb max_used=4591Kb free=114576Kb
 bounds [0x000001a180740000, 0x000001a180bc0000, 0x000001a187ba0000]
CodeHeap 'non-nmethods': size=7424Kb used=2888Kb max_used=2919Kb free=4535Kb
 bounds [0x000001a180000000, 0x000001a1802e0000, 0x000001a180740000]
 total_blobs=2707 nmethods=2245 adapters=371
 compilation: enabled
              stopped_count=0, restarted_count=0
 full_count=0

Compilation events (20 events):
Event: 1.303 Thread 0x000001a194b35000 nmethod 2224 0x000001a180ba8210 code [0x000001a180ba83e0, 0x000001a180ba87a8]
Event: 1.303 Thread 0x000001a194823800 nmethod 2227 0x000001a180ba8910 code [0x000001a180ba8ae0, 0x000001a180ba8e18]
Event: 1.303 Thread 0x000001a194b35000 2228       3       net.bytebuddy.description.type.TypeList$Generic$Explicit::get (6 bytes)
Event: 1.303 Thread 0x000001a194823800 2229       1       net.bytebuddy.description.method.MethodDescription$Latent::getInternalName (5 bytes)
Event: 1.303 Thread 0x000001a194823800 nmethod 2229 0x000001a187c6df90 code [0x000001a187c6e140, 0x000001a187c6e1f8]
Event: 1.304 Thread 0x000001a194b35000 nmethod 2228 0x000001a180ba8f90 code [0x000001a180ba9180, 0x000001a180ba9598]
Event: 1.304 Thread 0x000001a194667000 nmethod 2226 0x000001a180ba9710 code [0x000001a180ba9b40, 0x000001a180bab508]
Event: 1.306 Thread 0x000001a195631800 nmethod 2194 0x000001a180babe10 code [0x000001a180bac620, 0x000001a180bb0fd8]
Event: 1.310 Thread 0x000001a194823800 2231       3       net.bytebuddy.description.method.ParameterList$ForTokens::get (101 bytes)
Event: 1.310 Thread 0x000001a194b35000 2230       3       net.bytebuddy.description.method.ParameterList$ForTokens::get (6 bytes)
Event: 1.310 Thread 0x000001a194667000 2232       3       net.bytebuddy.matcher.FilterableList$AbstractBase::subList (7 bytes)
Event: 1.310 Thread 0x000001a195631800 2233       3       net.bytebuddy.matcher.FilterableList$AbstractBase::subList (11 bytes)
Event: 1.311 Thread 0x000001a194b35000 nmethod 2230 0x000001a180bb2c90 code [0x000001a180bb2e40, 0x000001a180bb2f88]
Event: 1.311 Thread 0x000001a195631800 nmethod 2233 0x000001a180bb3010 code [0x000001a180bb31e0, 0x000001a180bb33d8]
Event: 1.311 Thread 0x000001a194b35000 2234       3       java.util.AbstractList::subList (40 bytes)
Event: 1.311 Thread 0x000001a194667000 nmethod 2232 0x000001a180bb3490 code [0x000001a180bb3660, 0x000001a180bb3958]
Event: 1.311 Thread 0x000001a195631800 2235       3       java.util.AbstractList$SubList::<init> (35 bytes)
Event: 1.312 Thread 0x000001a195631800 nmethod 2235 0x000001a180bb3a90 code [0x000001a180bb3c60, 0x000001a180bb3f38]
Event: 1.312 Thread 0x000001a194b35000 nmethod 2234 0x000001a180bb5a90 code [0x000001a180bb5ca0, 0x000001a180bb6348]
Event: 1.312 Thread 0x000001a194823800 nmethod 2231 0x000001a180bb4090 code [0x000001a180bb4360, 0x000001a180bb54f8]

GC Heap History (4 events):
Event: 0.642 GC heap before
{Heap before GC invocations=0 (full 0):
 garbage-first heap   total 262144K, used 23552K [0x0000000701a00000, 0x0000000800000000)
  region size 1024K, 24 young (24576K), 0 survivors (0K)
 Metaspace       used 13679K, capacity 14259K, committed 14464K, reserved 1062912K
  class space    used 1440K, capacity 1662K, committed 1664K, reserved 1048576K
}
Event: 0.645 GC heap after
{Heap after GC invocations=1 (full 0):
 garbage-first heap   total 262144K, used 3909K [0x0000000701a00000, 0x0000000800000000)
  region size 1024K, 3 young (3072K), 3 survivors (3072K)
 Metaspace       used 13679K, capacity 14259K, committed 14464K, reserved 1062912K
  class space    used 1440K, capacity 1662K, committed 1664K, reserved 1048576K
}
Event: 1.071 GC heap before
{Heap before GC invocations=1 (full 0):
 garbage-first heap   total 262144K, used 23365K [0x0000000701a00000, 0x0000000800000000)
  region size 1024K, 23 young (23552K), 3 survivors (3072K)
 Metaspace       used 20364K, capacity 21108K, committed 21296K, reserved 1069056K
  class space    used 2266K, capacity 2565K, committed 2688K, reserved 1048576K
}
Event: 1.076 GC heap after
{Heap after GC invocations=2 (full 0):
 garbage-first heap   total 262144K, used 5957K [0x0000000701a00000, 0x0000000800000000)
  region size 1024K, 5 young (5120K), 5 survivors (5120K)
 Metaspace       used 20364K, capacity 21108K, committed 21296K, reserved 1069056K
  class space    used 2266K, capacity 2565K, committed 2688K, reserved 1048576K
}

Deoptimization events (20 events):
Event: 0.979 Thread 0x000001a1ed57f000 Uncommon trap: trap_request=0xffffff4d fr.pc=0x000001a187c20f30 relative=0x00000000000006d0
Event: 0.979 Thread 0x000001a1ed57f000 Uncommon trap: reason=unstable_if action=reinterpret pc=0x000001a187c20f30 method=java.lang.StringLatin1.regionMatchesCI([BI[BII)Z @ 66 c2
Event: 0.979 Thread 0x000001a1ed57f000 DEOPT PACKING pc=0x000001a187c20f30 sp=0x0000000d736fb560
Event: 0.979 Thread 0x000001a1ed57f000 DEOPT UNPACKING pc=0x000001a18004a1af sp=0x0000000d736fb430 mode 2
Event: 1.044 Thread 0x000001a1ed57f000 Uncommon trap: trap_request=0xffffffc6 fr.pc=0x000001a187bd1b90 relative=0x00000000000003b0
Event: 1.044 Thread 0x000001a1ed57f000 Uncommon trap: reason=bimorphic_or_optimized_type_check action=maybe_recompile pc=0x000001a187bd1b90 method=java.util.HashMap.getNode(ILjava/lang/Object;)Ljava/util/HashMap$Node; @ 126 c2
Event: 1.044 Thread 0x000001a1ed57f000 DEOPT PACKING pc=0x000001a187bd1b90 sp=0x0000000d736f8dd0
Event: 1.044 Thread 0x000001a1ed57f000 DEOPT UNPACKING pc=0x000001a18004a1af sp=0x0000000d736f8d48 mode 2
Event: 1.102 Thread 0x000001a194649000 Uncommon trap: trap_request=0xffffff4d fr.pc=0x000001a187c222c4 relative=0x00000000000000a4
Event: 1.102 Thread 0x000001a194649000 Uncommon trap: reason=unstable_if action=reinterpret pc=0x000001a187c222c4 method=java.nio.Buffer.limit(I)Ljava/nio/Buffer; @ 42 c2
Event: 1.102 Thread 0x000001a194649000 DEOPT PACKING pc=0x000001a187c222c4 sp=0x0000000d740fb190
Event: 1.102 Thread 0x000001a194649000 DEOPT UNPACKING pc=0x000001a18004a1af sp=0x0000000d740fb118 mode 2
Event: 1.148 Thread 0x000001a1ed57f000 Uncommon trap: trap_request=0xffffff4d fr.pc=0x000001a187bed51c relative=0x000000000000025c
Event: 1.148 Thread 0x000001a1ed57f000 Uncommon trap: reason=unstable_if action=reinterpret pc=0x000001a187bed51c method=java.util.concurrent.ConcurrentHashMap.get(Ljava/lang/Object;)Ljava/lang/Object; @ 76 c2
Event: 1.148 Thread 0x000001a1ed57f000 DEOPT PACKING pc=0x000001a187bed51c sp=0x0000000d736f2ba0
Event: 1.148 Thread 0x000001a1ed57f000 DEOPT UNPACKING pc=0x000001a18004a1af sp=0x0000000d736f2b18 mode 2
Event: 1.313 Thread 0x000001a1ed57f000 Uncommon trap: trap_request=0xffffff4d fr.pc=0x000001a187c65370 relative=0x0000000000001470
Event: 1.313 Thread 0x000001a1ed57f000 Uncommon trap: reason=unstable_if action=reinterpret pc=0x000001a187c65370 method=java.util.concurrent.ConcurrentHashMap.transfer([Ljava/util/concurrent/ConcurrentHashMap$Node;[Ljava/util/concurrent/ConcurrentHashMap$Node;)V @ 26 c2
Event: 1.313 Thread 0x000001a1ed57f000 DEOPT PACKING pc=0x000001a187c65370 sp=0x0000000d736f64b0
Event: 1.313 Thread 0x000001a1ed57f000 DEOPT UNPACKING pc=0x000001a18004a1af sp=0x0000000d736f6450 mode 2

Classes redefined (0 events):
No events

Internal exceptions (20 events):
Event: 0.589 Thread 0x000001a1ed57f000 Exception <a 'java/lang/NoSuchMethodError'{0x0000000710489550}: 'java.lang.Object java.lang.invoke.DirectMethodHandle$Holder.invokeStatic(java.lang.Object, int, java.lang.Object)'> (0x0000000710489550) thrown at [./src/hotspot/share/interpreter/linkResolver.cpp, line 773]
Event: 0.592 Thread 0x000001a1ed57f000 Exception <a 'java/lang/IncompatibleClassChangeError'{0x00000007104b4da0}: Found class java.lang.Object, but interface was expected> (0x00000007104b4da0) thrown at [./src/hotspot/share/interpreter/linkResolver.cpp, line 839]
Event: 0.598 Thread 0x000001a1ed57f000 Exception <a 'java/lang/NoSuchMethodError'{0x00000007104dba58}: 'java.lang.Object java.lang.invoke.Invokers$Holder.linkToTargetMethod(java.lang.Object, java.lang.Object, int, java.lang.Object, java.lang.Object)'> (0x00000007104dba58) thrown at [./src/hotspot/share/interpreter/linkResolver.cpp, line 773]
Event: 0.652 Thread 0x000001a1ed57f000 Exception <a 'java/lang/NoSuchMethodError'{0x0000000711932d50}: 'java.lang.Object java.lang.invoke.Invokers$Holder.linkToTargetMethod(java.lang.Object, java.lang.Object, int, int, java.lang.Object, java.lang.Object)'> (0x0000000711932d50) thrown at [./src/hotspot/share/interpreter/linkResolver.cpp, line 773]
Event: 0.744 Thread 0x000001a1ed57f000 Exception <a 'java/lang/NoSuchMethodError'{0x0000000711257cb0}: 'void java.lang.invoke.DirectMethodHandle$Holder.invokeStaticInit(java.lang.Object, java.lang.Object, java.lang.Object, java.lang.Object)'> (0x0000000711257cb0) thrown at [./src/hotspot/share/interpreter/linkResolver.cpp, line 773]
Event: 0.772 Thread 0x000001a1ed57f000 Exception <a 'java/lang/NoSuchMethodError'{0x000000071118f498}: 'void java.lang.invoke.DirectMethodHandle$Holder.invokeStatic(java.lang.Object, java.lang.Object, java.lang.Object, java.lang.Object, java.lang.Object, java.lang.Object)'> (0x000000071118f498) thrown at [./src/hotspot/share/interpreter/linkResolver.cpp, line 773]
Event: 0.878 Thread 0x000001a1ed57f000 Exception <a 'java/lang/NoSuchMethodError'{0x0000000710b040b8}: 'java.lang.Object java.lang.invoke.DirectMethodHandle$Holder.invokeStatic(java.lang.Object, java.lang.Object, java.lang.Object, java.lang.Object, java.lang.Object, java.lang.Object, java.lang.Object, java.lang.Object, java.lang.Object, java.lang.Object, java.lang.Object, java.lang.Object, java.lang.Object, java.lang.Object, java.lang.Object)'> (0x0000000710b040b8) thrown at [./src/hotspot/share/interpreter/linkResolver.cpp, line 773]
Event: 0.879 Thread 0x000001a1ed57f000 Exception <a 'java/lang/NoSuchMethodError'{0x0000000710b12368}: 'java.lang.Object java.lang.invoke.DirectMethodHandle$Holder.invokeStatic(java.lang.Object, java.lang.Object, java.lang.Object, java.lang.Object, java.lang.Object, java.lang.Object, java.lang.Object, java.lang.Object, java.lang.Object, java.lang.Object, java.lang.Object, java.lang.Object, java.lang.Object, java.lang.Object, java.lang.Object, java.lang.Object)'> (0x0000000710b12368) thrown at [./src/hotspot/share/interpreter/linkResolver.cpp, l
Event: 0.880 Thread 0x000001a1ed57f000 Exception <a 'java/lang/NoSuchMethodError'{0x0000000710b20528}: 'java.lang.Object java.lang.invoke.DirectMethodHandle$Holder.invokeSpecial(java.lang.Object, java.lang.Object, int, int, java.lang.Object, java.lang.Object, java.lang.Object)'> (0x0000000710b20528) thrown at [./src/hotspot/share/interpreter/linkResolver.cpp, line 773]
Event: 0.880 Thread 0x000001a1ed57f000 Exception <a 'java/lang/NoSuchMethodError'{0x0000000710b24008}: 'java.lang.Object java.lang.invoke.DelegatingMethodHandle$Holder.reinvoke_L(java.lang.Object, int, int, java.lang.Object, java.lang.Object, java.lang.Object)'> (0x0000000710b24008) thrown at [./src/hotspot/share/interpreter/linkResolver.cpp, line 773]
Event: 0.880 Thread 0x000001a1ed57f000 Exception <a 'java/lang/NoSuchMethodError'{0x0000000710b285e0}: 'java.lang.Object java.lang.invoke.DirectMethodHandle$Holder.invokeStatic(java.lang.Object, java.lang.Object, java.lang.Object, java.lang.Object, int)'> (0x0000000710b285e0) thrown at [./src/hotspot/share/interpreter/linkResolver.cpp, line 773]
Event: 0.883 Thread 0x000001a1ed57f000 Exception <a 'java/lang/NoSuchMethodError'{0x0000000710b53a38}: 'java.lang.Object java.lang.invoke.DirectMethodHandle$Holder.invokeStatic(java.lang.Object, java.lang.Object, java.lang.Object, java.lang.Object, int, int, java.lang.Object)'> (0x0000000710b53a38) thrown at [./src/hotspot/share/interpreter/linkResolver.cpp, line 773]
Event: 0.916 Thread 0x000001a1ed57f000 Exception <a 'java/lang/NoSuchMethodError'{0x0000000710ad6a68}: 'java.lang.Object java.lang.invoke.DirectMethodHandle$Holder.invokeStatic(java.lang.Object, java.lang.Object, java.lang.Object, java.lang.Object, java.lang.Object, java.lang.Object, java.lang.Object, java.lang.Object, java.lang.Object, java.lang.Object, java.lang.Object, int)'> (0x0000000710ad6a68) thrown at [./src/hotspot/share/interpreter/linkResolver.cpp, line 773]
Event: 0.918 Thread 0x000001a1ed57f000 Exception <a 'java/lang/NoSuchMethodError'{0x0000000710af4eb8}: 'java.lang.Object java.lang.invoke.DirectMethodHandle$Holder.invokeStatic(java.lang.Object, java.lang.Object, java.lang.Object, java.lang.Object, java.lang.Object, java.lang.Object, java.lang.Object, java.lang.Object, java.lang.Object, java.lang.Object, java.lang.Object, int, int)'> (0x0000000710af4eb8) thrown at [./src/hotspot/share/interpreter/linkResolver.cpp, line 773]
Event: 0.919 Thread 0x000001a1ed57f000 Exception <a 'java/lang/NoSuchMethodError'{0x0000000710914be8}: 'java.lang.Object java.lang.invoke.DirectMethodHandle$Holder.invokeStatic(java.lang.Object, java.lang.Object, java.lang.Object, java.lang.Object, java.lang.Object, java.lang.Object, java.lang.Object, java.lang.Object, java.lang.Object, java.lang.Object, java.lang.Object, int, int, java.lang.Object)'> (0x0000000710914be8) thrown at [./src/hotspot/share/interpreter/linkResolver.cpp, line 773]
Event: 0.921 Thread 0x000001a1ed57f000 Exception <a 'java/lang/NoSuchMethodError'{0x0000000710935550}: 'java.lang.Object java.lang.invoke.DirectMethodHandle$Holder.invokeStatic(java.lang.Object, java.lang.Object, java.lang.Object, java.lang.Object, java.lang.Object, java.lang.Object, java.lang.Object, java.lang.Object, java.lang.Object, java.lang.Object, java.lang.Object, int, int, java.lang.Object, java.lang.Object)'> (0x0000000710935550) thrown at [./src/hotspot/share/interpreter/linkResolver.cpp, line 773]
Event: 1.009 Thread 0x000001a1ed57f000 Exception <a 'java/lang/IncompatibleClassChangeError'{0x000000071075a038}: Found class java.lang.Object, but interface was expected> (0x000000071075a038) thrown at [./src/hotspot/share/interpreter/linkResolver.cpp, line 839]
Event: 1.154 Thread 0x000001a1ed57f000 Exception <a 'java/lang/NoSuchMethodError'{0x00000007115507e0}: 'int java.lang.invoke.DirectMethodHandle$Holder.invokeStaticInit(java.lang.Object, java.lang.Object, java.lang.Object, java.lang.Object)'> (0x00000007115507e0) thrown at [./src/hotspot/share/interpreter/linkResolver.cpp, line 773]
Event: 1.155 Thread 0x000001a1ed57f000 Exception <a 'java/lang/IncompatibleClassChangeError'{0x0000000711559750}: Found class java.lang.Object, but interface was expected> (0x0000000711559750) thrown at [./src/hotspot/share/interpreter/linkResolver.cpp, line 839]
Event: 1.156 Thread 0x000001a1ed57f000 Exception <a 'java/lang/NoSuchMethodError'{0x000000071155ca58}: 'void java.lang.invoke.DirectMethodHandle$Holder.invokeStaticInit(java.lang.Object, java.lang.Object)'> (0x000000071155ca58) thrown at [./src/hotspot/share/interpreter/linkResolver.cpp, line 773]

Events (20 events):
Event: 1.314 loading class net/bytebuddy/dynamic/scaffold/TypeWriter
Event: 1.314 loading class net/bytebuddy/dynamic/scaffold/TypeWriter done
Event: 1.315 loading class net/bytebuddy/dynamic/scaffold/inline/MethodRebaseResolver
Event: 1.315 loading class net/bytebuddy/dynamic/scaffold/inline/MethodRebaseResolver done
Event: 1.315 loading class net/bytebuddy/dynamic/scaffold/TypeWriter$Default$ClassDumpAction$Dispatcher$Disabled
Event: 1.315 loading class net/bytebuddy/dynamic/scaffold/TypeWriter$Default$ClassDumpAction$Dispatcher$Disabled done
Event: 1.315 loading class net/bytebuddy/dynamic/scaffold/TypeWriter$Default$ClassDumpAction$Dispatcher
Event: 1.315 loading class net/bytebuddy/dynamic/scaffold/TypeWriter$Default$ClassDumpAction$Dispatcher done
Event: 1.315 loading class net/bytebuddy/dynamic/scaffold/TypeWriter$Default$ClassDumpAction$Dispatcher$Enabled
Event: 1.315 loading class net/bytebuddy/dynamic/scaffold/TypeWriter$Default$ClassDumpAction$Dispatcher$Enabled done
Event: 1.316 loading class net/bytebuddy/dynamic/scaffold/TypeWriter$Default$ForCreation
Event: 1.316 loading class net/bytebuddy/dynamic/scaffold/TypeWriter$Default$ForCreation done
Event: 1.316 loading class net/bytebuddy/dynamic/scaffold/TypeInitializer$Drain
Event: 1.316 loading class net/bytebuddy/dynamic/scaffold/TypeInitializer$Drain done
Event: 1.316 loading class net/bytebuddy/dynamic/scaffold/TypeWriter$Default$ForCreation$CreationClassVisitor
Event: 1.316 loading class net/bytebuddy/dynamic/scaffold/TypeWriter$Default$ForCreation$CreationClassVisitor done
Event: 1.317 loading class net/bytebuddy/utility/visitor/MetadataAwareClassVisitor
Event: 1.317 loading class net/bytebuddy/utility/visitor/MetadataAwareClassVisitor done
Event: 1.317 loading class net/bytebuddy/utility/visitor/ContextClassVisitor
Event: 1.317 loading class net/bytebuddy/utility/visitor/ContextClassVisitor done


Dynamic libraries:
0x00007ff630820000 - 0x00007ff63082d000 	C:\Users\Vasya\.jdks\corretto-11.0.16.1\bin\java.exe
0x00007ffdf7410000 - 0x00007ffdf7608000 	C:\Windows\SYSTEM32\ntdll.dll
0x00007ffdf66f0000 - 0x00007ffdf67ad000 	C:\Windows\System32\KERNEL32.DLL
0x00007ffdf5190000 - 0x00007ffdf5462000 	C:\Windows\System32\KERNELBASE.dll
0x00007ffdf4c60000 - 0x00007ffdf4d60000 	C:\Windows\System32\ucrtbase.dll
0x00007ffded8f0000 - 0x00007ffded909000 	C:\Users\Vasya\.jdks\corretto-11.0.16.1\bin\VCRUNTIME140.dll
0x00007ffded910000 - 0x00007ffded927000 	C:\Users\Vasya\.jdks\corretto-11.0.16.1\bin\jli.dll
0x00007ffdf5fd0000 - 0x00007ffdf616d000 	C:\Windows\System32\USER32.dll
0x00007ffdd3ff0000 - 0x00007ffdd428a000 	C:\Windows\WinSxS\amd64_microsoft.windows.common-controls_6595b64144ccf1df_6.0.19041.1110_none_60b5254171f9507e\COMCTL32.dll
0x00007ffdf5080000 - 0x00007ffdf50a2000 	C:\Windows\System32\win32u.dll
0x00007ffdf5b30000 - 0x00007ffdf5bce000 	C:\Windows\System32\msvcrt.dll
0x00007ffdf6610000 - 0x00007ffdf663b000 	C:\Windows\System32\GDI32.dll
0x00007ffdf4b20000 - 0x00007ffdf4c2f000 	C:\Windows\System32\gdi32full.dll
0x00007ffdf4f30000 - 0x00007ffdf4fcd000 	C:\Windows\System32\msvcp_win.dll
0x00007ffdf54d0000 - 0x00007ffdf5500000 	C:\Windows\System32\IMM32.DLL
0x00007ffdd84e0000 - 0x00007ffdd857b000 	C:\Users\Vasya\.jdks\corretto-11.0.16.1\bin\msvcp140.dll
0x00007ffd60f20000 - 0x00007ffd61aa4000 	C:\Users\Vasya\.jdks\corretto-11.0.16.1\bin\server\jvm.dll
0x00007ffdf5bd0000 - 0x00007ffdf5c7e000 	C:\Windows\System32\ADVAPI32.dll
0x00007ffdf7330000 - 0x00007ffdf73cc000 	C:\Windows\System32\sechost.dll
0x00007ffdf6170000 - 0x00007ffdf6295000 	C:\Windows\System32\RPCRT4.dll
0x00007ffdf5980000 - 0x00007ffdf5988000 	C:\Windows\System32\PSAPI.DLL
0x00007ffdeed70000 - 0x00007ffdeed79000 	C:\Windows\SYSTEM32\WSOCK32.dll
0x00007ffdeae00000 - 0x00007ffdeae27000 	C:\Windows\SYSTEM32\WINMM.dll
0x00007ffdecd90000 - 0x00007ffdecd9a000 	C:\Windows\SYSTEM32\VERSION.dll
0x00007ffdf6f60000 - 0x00007ffdf6fcb000 	C:\Windows\System32\WS2_32.dll
0x00007ffdf29e0000 - 0x00007ffdf29f2000 	C:\Windows\SYSTEM32\kernel.appcore.dll
0x00007ffdeec70000 - 0x00007ffdeec80000 	C:\Users\Vasya\.jdks\corretto-11.0.16.1\bin\verify.dll
0x00007ffde8390000 - 0x00007ffde8574000 	C:\Windows\SYSTEM32\DBGHELP.DLL
0x00007ffde7bc0000 - 0x00007ffde7bec000 	C:\Windows\SYSTEM32\dbgcore.DLL
0x00007ffdf50b0000 - 0x00007ffdf5132000 	C:\Windows\System32\bcryptPrimitives.dll
0x00007ffde77f0000 - 0x00007ffde7818000 	C:\Users\Vasya\.jdks\corretto-11.0.16.1\bin\java.dll
0x00007ffdeec40000 - 0x00007ffdeec4a000 	C:\Users\Vasya\.jdks\corretto-11.0.16.1\bin\jimage.dll
0x00007ffdedaa0000 - 0x00007ffdedaae000 	C:\Users\Vasya\.jdks\corretto-11.0.16.1\bin\instrument.dll
0x00007ffde77d0000 - 0x00007ffde77e8000 	C:\Users\Vasya\.jdks\corretto-11.0.16.1\bin\zip.dll
0x00007ffdf6810000 - 0x00007ffdf6f53000 	C:\Windows\System32\SHELL32.dll
0x00007ffdf2be0000 - 0x00007ffdf3371000 	C:\Windows\SYSTEM32\windows.storage.dll
0x00007ffdf6fd0000 - 0x00007ffdf7324000 	C:\Windows\System32\combase.dll
0x00007ffdf4510000 - 0x00007ffdf4540000 	C:\Windows\SYSTEM32\Wldp.dll
0x00007ffdf5d50000 - 0x00007ffdf5dfd000 	C:\Windows\System32\SHCORE.dll
0x00007ffdf67b0000 - 0x00007ffdf6805000 	C:\Windows\System32\shlwapi.dll
0x00007ffdf4a60000 - 0x00007ffdf4a7f000 	C:\Windows\SYSTEM32\profapi.dll
0x00007ffde1ce0000 - 0x00007ffde1cf9000 	C:\Users\Vasya\.jdks\corretto-11.0.16.1\bin\net.dll
0x00007ffdeb0d0000 - 0x00007ffdeb1dd000 	C:\Windows\SYSTEM32\WINHTTP.dll
0x00007ffdf4200000 - 0x00007ffdf426a000 	C:\Windows\system32\mswsock.dll
0x00007ffde1cc0000 - 0x00007ffde1cd3000 	C:\Users\Vasya\.jdks\corretto-11.0.16.1\bin\nio.dll
0x00007ffde1ca0000 - 0x00007ffde1cba000 	C:\Users\Vasya\IntelliJ IDEA Community Edition 2022.2.2\bin\breakgen64.dll
0x00007ffde7480000 - 0x00007ffde7489000 	C:\Users\Vasya\.jdks\corretto-11.0.16.1\bin\management.dll
0x00007ffde1c90000 - 0x00007ffde1c9b000 	C:\Users\Vasya\.jdks\corretto-11.0.16.1\bin\management_ext.dll
0x00007ffddc400000 - 0x00007ffddc417000 	C:\Windows\system32\napinsp.dll
0x00007ffddc3e0000 - 0x00007ffddc3fb000 	C:\Windows\system32\pnrpnsp.dll
0x00007ffdefd10000 - 0x00007ffdefd25000 	C:\Windows\system32\wshbth.dll
0x00007ffdeec20000 - 0x00007ffdeec3d000 	C:\Windows\system32\NLAapi.dll
0x00007ffdf3ef0000 - 0x00007ffdf3f2b000 	C:\Windows\SYSTEM32\IPHLPAPI.DLL
0x00007ffdf3f30000 - 0x00007ffdf3ffa000 	C:\Windows\SYSTEM32\DNSAPI.dll
0x00007ffdf6600000 - 0x00007ffdf6608000 	C:\Windows\System32\NSI.dll
0x00007ffddc3c0000 - 0x00007ffddc3d2000 	C:\Windows\System32\winrnr.dll
0x00007ffdeb0a0000 - 0x00007ffdeb0aa000 	C:\Windows\System32\rasadhlp.dll
0x00007ffde8310000 - 0x00007ffde8390000 	C:\Windows\System32\fwpuclnt.dll
0x00007ffdf4c30000 - 0x00007ffdf4c57000 	C:\Windows\System32\bcrypt.dll

dbghelp: loaded successfully - version: 4.0.5 - missing functions: none
symbol engine: initialized successfully - sym options: 0x614 - pdb path: .;C:\Users\Vasya\.jdks\corretto-11.0.16.1\bin;C:\Windows\SYSTEM32;C:\Windows\WinSxS\amd64_microsoft.windows.common-controls_6595b64144ccf1df_6.0.19041.1110_none_60b5254171f9507e;C:\Users\Vasya\.jdks\corretto-11.0.16.1\bin\server;C:\Users\Vasya\IntelliJ IDEA Community Edition 2022.2.2\bin

VM Arguments:
jvm_args: -ea -Didea.test.cyclic.buffer.size=1048576 -javaagent:C:\Users\Vasya\IntelliJ IDEA Community Edition 2022.2.2\lib\idea_rt.jar=61954:C:\Users\Vasya\IntelliJ IDEA Community Edition 2022.2.2\bin -Dfile.encoding=UTF-8 
java_command: com.intellij.rt.junit.JUnitStarter -ideVersion5 -junit5 tests.DBOutTest
java_class_path (initial): C:\Users\Vasya\.m2\repository\org\junit\platform\junit-platform-launcher\1.9.1\junit-platform-launcher-1.9.1.jar;C:\Users\Vasya\.m2\repository\org\junit\platform\junit-platform-engine\1.9.1\junit-platform-engine-1.9.1.jar;C:\Users\Vasya\.m2\repository\org\junit\jupiter\junit-jupiter-engine\5.9.1\junit-jupiter-engine-5.9.1.jar;C:\Users\Vasya\IntelliJ IDEA Community Edition 2022.2.2\lib\idea_rt.jar;C:\Users\Vasya\IntelliJ IDEA Community Edition 2022.2.2\plugins\junit\lib\junit5-rt.jar;C:\Users\Vasya\IntelliJ IDEA Community Edition 2022.2.2\plugins\junit\lib\junit-rt.jar;C:\Users\Vasya\IdeaProjects\train\target\test-classes;C:\Users\Vasya\IdeaProjects\train\target\classes;C:\Users\Vasya\.m2\repository\org\apache\logging\log4j\log4j-core\2.19.0\log4j-core-2.19.0.jar;C:\Users\Vasya\.m2\repository\org\apache\logging\log4j\log4j-api\2.19.0\log4j-api-2.19.0.jar;C:\Users\Vasya\.m2\repository\org\junit\jupiter\junit-jupiter-api\5.9.1\junit-jupiter-api-5.9.1.jar;C:\Users\Vasya\.m2\repository\org\opentest4j\opentest4j\1.2.0\opentest4j-1.2.0.jar;C:\Users\Vasya\.m2\repository\org\junit\platform\junit-platform-commons\1.9.1\junit-platform-commons-1.9.1.jar;C:\Users\Vasya\.m2\repository\org\apiguardian\apiguardian-api\1.1.2\apiguardian-api-1.1.2.jar;C:\Users\Vasya\.m2\repository\org\mockito\mockito-core\4.8.1\mockito-core-4.8.1.jar;C:\Users\Vasya\.m2\repository\net\bytebuddy\byte-buddy\1.12.16\byte-buddy-1.12.16.jar;C:\Users\Vasya\.m2\repository\net\bytebuddy\byte-buddy-agent\1.12.16\byte-buddy-agent-1.12.16.jar;C:\Users\Vasya\.m2\repository\org\objenesis\objenesis\3.2\objenesis-3.2.jar;C:\Users\Vasya\.m2\repository\org\glassfish\web\jakarta.servlet.jsp.jstl\1.2.6\jakarta.servlet.jsp.jstl-1.2.6.jar;C:\Users\Vasya\.m2\repository\jakarta\servlet\jsp\jstl\jakarta.servlet.jsp.jstl-api\1.2.4\jakarta.servlet.jsp.jstl-api-1.2.4.jar;C:\Users\Vasya\.m2\repository\jakarta\servlet\jakarta.servlet-api\4.0.2\jakarta.servlet-api-4.0.2.jar;C:\Users\Vasya\.m2\repositor
Launcher Type: SUN_STANDARD

[Global flags]
     intx CICompilerCount                          = 12                                        {product} {ergonomic}
     uint ConcGCThreads                            = 3                                         {product} {ergonomic}
     uint G1ConcRefinementThreads                  = 13                                        {product} {ergonomic}
   size_t G1HeapRegionSize                         = 1048576                                   {product} {ergonomic}
    uintx GCDrainStackTargetSize                   = 64                                        {product} {ergonomic}
   size_t InitialHeapSize                          = 268435456                                 {product} {ergonomic}
   size_t MarkStackSize                            = 4194304                                   {product} {ergonomic}
   size_t MaxHeapSize                              = 4267704320                                {product} {ergonomic}
   size_t MaxNewSize                               = 2560622592                                {product} {ergonomic}
   size_t MinHeapDeltaBytes                        = 1048576                                   {product} {ergonomic}
    uintx NonNMethodCodeHeapSize                   = 7594288                                {pd product} {ergonomic}
    uintx NonProfiledCodeHeapSize                  = 122031976                              {pd product} {ergonomic}
    uintx ProfiledCodeHeapSize                     = 122031976                              {pd product} {ergonomic}
    uintx ReservedCodeCacheSize                    = 251658240                              {pd product} {ergonomic}
     bool SegmentedCodeCache                       = true                                      {product} {ergonomic}
     bool UseCompressedClassPointers               = true                                 {lp64_product} {ergonomic}
     bool UseCompressedOops                        = true                                 {lp64_product} {ergonomic}
     bool UseG1GC                                  = true                                      {product} {ergonomic}
     bool UseLargePagesIndividualAllocation        = false                                  {pd product} {ergonomic}

Logging:
Log output configuration:
 #0: stdout all=warning uptime,level,tags
 #1: stderr all=off uptime,level,tags

Environment Variables:
JAVA_HOME=C:\Program Files\Java\jdk-11.0.16
PATH=C:\Program Files (x86)\Intel\Intel(R) Management Engine Components\iCLS\;C:\Program Files\Intel\Intel(R) Management Engine Components\iCLS\;C:\Windows\system32;C:\Windows;C:\Windows\System32\Wbem;C:\Windows\System32\WindowsPowerShell\v1.0\;C:\Windows\System32\OpenSSH\;C:\Program Files\Git\cmd;C:\Program Files\MySQL\MySQL Shell 8.0\bin\;C:\Users\Vasya\AppData\Local\Microsoft\WindowsApps;C:\Users\Vasya\IntelliJ IDEA Community Edition 2022.2.2\bin;;C:\Users\Vasya\AppData\Local\atom\bin
USERNAME=Vasya
OS=Windows_NT
PROCESSOR_IDENTIFIER=Intel64 Family 6 Model 158 Stepping 13, GenuineIntel
TMP=C:\Users\Vasya\AppData\Local\Temp
TEMP=C:\Users\Vasya\AppData\Local\Temp



---------------  S Y S T E M  ---------------

OS: Windows 10 , 64 bit Build 19041 (10.0.19041.1889)
OS uptime: 0 days 10:52 hours

CPU:total 16 (initial active 16) (8 cores per cpu, 2 threads per core) family 6 model 158 stepping 13 microcode 0xf0, cmov, cx8, fxsr, mmx, sse, sse2, sse3, ssse3, sse4.1, sse4.2, popcnt, avx, avx2, aes, clmul, erms, 3dnowpref, lzcnt, ht, tsc, tscinvbit, bmi1, bmi2, adx, fma

Memory: 4k page, system-wide physical 16278M (5683M free)
TotalPageFile size 18241M (AvailPageFile size 5M)
current process WorkingSet (physical memory assigned to process): 129M, peak: 129M
current process commit charge ("private bytes"): 408M, peak: 409M

vm_info: OpenJDK 64-Bit Server VM (11.0.16.1+9-LTS) for windows-amd64 JRE (11.0.16.1+9-LTS), built on Aug 12 2022 20:01:58 by "Administrator" with MS VC++ 15.9 (VS2017)

END.
